This is pdfTeX, Version 3.141592653-2.6-1.40.29 (TeX Live 2026) (preloaded format=pdflatex 2026.6.6)  8 JUN 2026 20:50
entering extended mode
 restricted \write18 enabled.
 %&-line parsing enabled.
**main.tex
(./main.tex
LaTeX2e <2026-06-01>
L3 programming layer <2026-05-26>
(c:/texlive/2026/texmf-dist/tex/latex/base/article.cls
Document Class: article 2025/01/22 v1.4n Standard LaTeX document class
(c:/texlive/2026/texmf-dist/tex/latex/base/size12.clo
File: size12.clo 2025/01/22 v1.4n Standard LaTeX file (size option)
)
\c@part=\count276
\c@section=\count277
\c@subsection=\count278
\c@subsubsection=\count279
\c@paragraph=\count280
\c@subparagraph=\count281
\c@figure=\count282
\c@table=\count283
\abovecaptionskip=\skip49
\belowcaptionskip=\skip50
\bibindent=\dimen150
)
(c:/texlive/2026/texmf-dist/tex/latex/base/inputenc.sty
Package: inputenc 2024/02/08 v1.3d Input encoding file
\inpenc@prehook=\toks17
\inpenc@posthook=\toks18
)
(c:/texlive/2026/texmf-dist/tex/latex/base/fontenc.sty
Package: fontenc 2025/07/18 v2.1d Standard LaTeX package

(c:/texlive/2026/texmf-dist/tex/latex/cyrillic/t2aenc.def
File: t2aenc.def 2023/11/07 v1.0k Cyrillic encoding definition file
Now handling font encoding T2A ...
... processing UTF-8 mapping file for font encoding T2A

(c:/texlive/2026/texmf-dist/tex/latex/base/t2aenc.dfu
File: t2aenc.dfu 2022/06/07 v1.3c UTF-8 support
   defining Unicode char U+00A4 (decimal 164)
   defining Unicode char U+00A7 (decimal 167)
   defining Unicode char U+00AB (decimal 171)
   defining Unicode char U+00BB (decimal 187)
   defining Unicode char U+0131 (decimal 305)
   defining Unicode char U+0237 (decimal 567)
   defining Unicode char U+0400 (decimal 1024)
   defining Unicode char U+0401 (decimal 1025)
   defining Unicode char U+0402 (decimal 1026)
   defining Unicode char U+0403 (decimal 1027)
   defining Unicode char U+0404 (decimal 1028)
   defining Unicode char U+0405 (decimal 1029)
   defining Unicode char U+0406 (decimal 1030)
   defining Unicode char U+0407 (decimal 1031)
   defining Unicode char U+0408 (decimal 1032)
   defining Unicode char U+0409 (decimal 1033)
   defining Unicode char U+040A (decimal 1034)
   defining Unicode char U+040B (decimal 1035)
   defining Unicode char U+040C (decimal 1036)
   defining Unicode char U+040D (decimal 1037)
   defining Unicode char U+040E (decimal 1038)
   defining Unicode char U+040F (decimal 1039)
   defining Unicode char U+0410 (decimal 1040)
   defining Unicode char U+0411 (decimal 1041)
   defining Unicode char U+0412 (decimal 1042)
   defining Unicode char U+0413 (decimal 1043)
   defining Unicode char U+0414 (decimal 1044)
   defining Unicode char U+0415 (decimal 1045)
   defining Unicode char U+0416 (decimal 1046)
   defining Unicode char U+0417 (decimal 1047)
   defining Unicode char U+0418 (decimal 1048)
   defining Unicode char U+0419 (decimal 1049)
   defining Unicode char U+041A (decimal 1050)
   defining Unicode char U+041B (decimal 1051)
   defining Unicode char U+041C (decimal 1052)
   defining Unicode char U+041D (decimal 1053)
   defining Unicode char U+041E (decimal 1054)
   defining Unicode char U+041F (decimal 1055)
   defining Unicode char U+0420 (decimal 1056)
   defining Unicode char U+0421 (decimal 1057)
   defining Unicode char U+0422 (decimal 1058)
   defining Unicode char U+0423 (decimal 1059)
   defining Unicode char U+0424 (decimal 1060)
   defining Unicode char U+0425 (decimal 1061)
   defining Unicode char U+0426 (decimal 1062)
   defining Unicode char U+0427 (decimal 1063)
   defining Unicode char U+0428 (decimal 1064)
   defining Unicode char U+0429 (decimal 1065)
   defining Unicode char U+042A (decimal 1066)
   defining Unicode char U+042B (decimal 1067)
   defining Unicode char U+042C (decimal 1068)
   defining Unicode char U+042D (decimal 1069)
   defining Unicode char U+042E (decimal 1070)
   defining Unicode char U+042F (decimal 1071)
   defining Unicode char U+0430 (decimal 1072)
   defining Unicode char U+0431 (decimal 1073)
   defining Unicode char U+0432 (decimal 1074)
   defining Unicode char U+0433 (decimal 1075)
   defining Unicode char U+0434 (decimal 1076)
   defining Unicode char U+0435 (decimal 1077)
   defining Unicode char U+0436 (decimal 1078)
   defining Unicode char U+0437 (decimal 1079)
   defining Unicode char U+0438 (decimal 1080)
   defining Unicode char U+0439 (decimal 1081)
   defining Unicode char U+043A (decimal 1082)
   defining Unicode char U+043B (decimal 1083)
   defining Unicode char U+043C (decimal 1084)
   defining Unicode char U+043D (decimal 1085)
   defining Unicode char U+043E (decimal 1086)
   defining Unicode char U+043F (decimal 1087)
   defining Unicode char U+0440 (decimal 1088)
   defining Unicode char U+0441 (decimal 1089)
   defining Unicode char U+0442 (decimal 1090)
   defining Unicode char U+0443 (decimal 1091)
   defining Unicode char U+0444 (decimal 1092)
   defining Unicode char U+0445 (decimal 1093)
   defining Unicode char U+0446 (decimal 1094)
   defining Unicode char U+0447 (decimal 1095)
   defining Unicode char U+0448 (decimal 1096)
   defining Unicode char U+0449 (decimal 1097)
   defining Unicode char U+044A (decimal 1098)
   defining Unicode char U+044B (decimal 1099)
   defining Unicode char U+044C (decimal 1100)
   defining Unicode char U+044D (decimal 1101)
   defining Unicode char U+044E (decimal 1102)
   defining Unicode char U+044F (decimal 1103)
   defining Unicode char U+0450 (decimal 1104)
   defining Unicode char U+0451 (decimal 1105)
   defining Unicode char U+0452 (decimal 1106)
   defining Unicode char U+0453 (decimal 1107)
   defining Unicode char U+0454 (decimal 1108)
   defining Unicode char U+0455 (decimal 1109)
   defining Unicode char U+0456 (decimal 1110)
   defining Unicode char U+0457 (decimal 1111)
   defining Unicode char U+0458 (decimal 1112)
   defining Unicode char U+0459 (decimal 1113)
   defining Unicode char U+045A (decimal 1114)
   defining Unicode char U+045B (decimal 1115)
   defining Unicode char U+045C (decimal 1116)
   defining Unicode char U+045D (decimal 1117)
   defining Unicode char U+045E (decimal 1118)
   defining Unicode char U+045F (decimal 1119)
   defining Unicode char U+0490 (decimal 1168)
   defining Unicode char U+0491 (decimal 1169)
   defining Unicode char U+0492 (decimal 1170)
   defining Unicode char U+0493 (decimal 1171)
   defining Unicode char U+0496 (decimal 1174)
   defining Unicode char U+0497 (decimal 1175)
   defining Unicode char U+0498 (decimal 1176)
   defining Unicode char U+0499 (decimal 1177)
   defining Unicode char U+049A (decimal 1178)
   defining Unicode char U+049B (decimal 1179)
   defining Unicode char U+049C (decimal 1180)
   defining Unicode char U+049D (decimal 1181)
   defining Unicode char U+04A0 (decimal 1184)
   defining Unicode char U+04A1 (decimal 1185)
   defining Unicode char U+04A2 (decimal 1186)
   defining Unicode char U+04A3 (decimal 1187)
   defining Unicode char U+04A4 (decimal 1188)
   defining Unicode char U+04A5 (decimal 1189)
   defining Unicode char U+04AA (decimal 1194)
   defining Unicode char U+04AB (decimal 1195)
   defining Unicode char U+04AE (decimal 1198)
   defining Unicode char U+04AF (decimal 1199)
   defining Unicode char U+04B0 (decimal 1200)
   defining Unicode char U+04B1 (decimal 1201)
   defining Unicode char U+04B2 (decimal 1202)
   defining Unicode char U+04B3 (decimal 1203)
   defining Unicode char U+04B6 (decimal 1206)
   defining Unicode char U+04B7 (decimal 1207)
   defining Unicode char U+04B8 (decimal 1208)
   defining Unicode char U+04B9 (decimal 1209)
   defining Unicode char U+04BA (decimal 1210)
   defining Unicode char U+04BB (decimal 1211)
   defining Unicode char U+04C0 (decimal 1216)
   defining Unicode char U+04C1 (decimal 1217)
   defining Unicode char U+04C2 (decimal 1218)
   defining Unicode char U+04D0 (decimal 1232)
   defining Unicode char U+04D1 (decimal 1233)
   defining Unicode char U+04D2 (decimal 1234)
   defining Unicode char U+04D3 (decimal 1235)
   defining Unicode char U+04D4 (decimal 1236)
   defining Unicode char U+04D5 (decimal 1237)
   defining Unicode char U+04D6 (decimal 1238)
   defining Unicode char U+04D7 (decimal 1239)
   defining Unicode char U+04D8 (decimal 1240)
   defining Unicode char U+04D9 (decimal 1241)
   defining Unicode char U+04DA (decimal 1242)
   defining Unicode char U+04DB (decimal 1243)
   defining Unicode char U+04DC (decimal 1244)
   defining Unicode char U+04DD (decimal 1245)
   defining Unicode char U+04DE (decimal 1246)
   defining Unicode char U+04DF (decimal 1247)
   defining Unicode char U+04E2 (decimal 1250)
   defining Unicode char U+04E3 (decimal 1251)
   defining Unicode char U+04E4 (decimal 1252)
   defining Unicode char U+04E5 (decimal 1253)
   defining Unicode char U+04E6 (decimal 1254)
   defining Unicode char U+04E7 (decimal 1255)
   defining Unicode char U+04E8 (decimal 1256)
   defining Unicode char U+04E9 (decimal 1257)
   defining Unicode char U+04EC (decimal 1260)
   defining Unicode char U+04ED (decimal 1261)
   defining Unicode char U+04EE (decimal 1262)
   defining Unicode char U+04EF (decimal 1263)
   defining Unicode char U+04F0 (decimal 1264)
   defining Unicode char U+04F1 (decimal 1265)
   defining Unicode char U+04F2 (decimal 1266)
   defining Unicode char U+04F3 (decimal 1267)
   defining Unicode char U+04F4 (decimal 1268)
   defining Unicode char U+04F5 (decimal 1269)
   defining Unicode char U+04F8 (decimal 1272)
   defining Unicode char U+04F9 (decimal 1273)
   defining Unicode char U+200C (decimal 8204)
   defining Unicode char U+2013 (decimal 8211)
   defining Unicode char U+2014 (decimal 8212)
   defining Unicode char U+2018 (decimal 8216)
   defining Unicode char U+2019 (decimal 8217)
   defining Unicode char U+201C (decimal 8220)
   defining Unicode char U+201D (decimal 8221)
   defining Unicode char U+201E (decimal 8222)
   defining Unicode char U+2030 (decimal 8240)
   defining Unicode char U+2031 (decimal 8241)
   defining Unicode char U+2116 (decimal 8470)
   defining Unicode char U+2329 (decimal 9001)
   defining Unicode char U+3008 (decimal 12296)
   defining Unicode char U+232A (decimal 9002)
   defining Unicode char U+3009 (decimal 12297)
   defining Unicode char U+2423 (decimal 9251)
   defining Unicode char U+27E8 (decimal 10216)
   defining Unicode char U+27E9 (decimal 10217)
   defining Unicode char U+FB00 (decimal 64256)
   defining Unicode char U+FB01 (decimal 64257)
   defining Unicode char U+FB02 (decimal 64258)
   defining Unicode char U+FB03 (decimal 64259)
   defining Unicode char U+FB04 (decimal 64260)
   defining Unicode char U+FB05 (decimal 64261)
   defining Unicode char U+FB06 (decimal 64262)
))
LaTeX Font Info:    Trying to load font information for T2A+cmr on input line 1
16.

(c:/texlive/2026/texmf-dist/tex/latex/cyrillic/t2acmr.fd
File: t2acmr.fd 2001/08/11 v1.0a Computer Modern Cyrillic font definitions
))
(c:/texlive/2026/texmf-dist/tex/generic/babel/babel.sty
Package: babel 2026/05/20 v26.8 The multilingual framework for LuaLaTeX, pdfLaT
eX and XeLaTeX
\babel@savecnt=\count284
LaTeX Encoding Info:    Redeclaring text command \ij (encoding OT1) on input li
ne 2084.
LaTeX Encoding Info:    Redeclaring text command \IJ (encoding OT1) on input li
ne 2086.
LaTeX Encoding Info:    Redeclaring text command \ij (encoding T1) on input lin
e 2088.
LaTeX Encoding Info:    Redeclaring text command \IJ (encoding T1) on input lin
e 2089.
LaTeX Encoding Info:    Ignoring declaration for text command \ij (encoding ?) 
on input line 2090.
LaTeX Encoding Info:    Ignoring declaration for text command \IJ (encoding ?) 
on input line 2092.
LaTeX Encoding Info:    Ignoring declaration for text command \SS (encoding ?) 
on input line 2117.
\U@D=\dimen151
\l@unhyphenated=\language15

(c:/texlive/2026/texmf-dist/tex/generic/babel/txtbabel.def)
\bbl@readstream=\read2
\bbl@dirlevel=\count285

(c:/texlive/2026/texmf-dist/tex/generic/babel/locale/ru/babel-russian.tex)
(c:/texlive/2026/texmf-dist/tex/generic/babel/locale/en/babel-english.tex)
Package babel Info: Importing font and identification data for russian
(babel)             from babel-ru.ini. Reported on input line 4356.

(c:/texlive/2026/texmf-dist/tex/generic/babel-russian/russianb.ldf
File: russianb.ldf 2021/01/10 1.3m Russian support for the Babel system
Language: russian 2020/09/09 1.3k Russian support for the Babel system
Package babel Info: Making " an active character on input line 124.
Package babel Info: Default for \cyrdash is provided on input line 163.
)
Package babel Info: Importing font and identification data for english
(babel)             from babel-en.ini. Reported on input line 4356.

(c:/texlive/2026/texmf-dist/tex/generic/babel-english/english.ldf
Language: english 2017/06/06 v3.3r English support from the babel system
Package babel Info: Hyphen rules for 'canadian' set to \l@english
(babel)             (\language0). Reported on input line 102.
Package babel Info: Hyphen rules for 'australian' set to \l@ukenglish
(babel)             (\language6). Reported on input line 105.
Package babel Info: Hyphen rules for 'newzealand' set to \l@ukenglish
(babel)             (\language6). Reported on input line 108.
))
   defining Unicode char U+2208 (decimal 8712)
   defining Unicode char U+221E (decimal 8734)
   defining Unicode char U+2282 (decimal 8834)

(c:/texlive/2026/texmf-dist/tex/latex/amsmath/amsmath.sty
Package: amsmath 2026/05/19 v2.18d AMS math features
\@mathmargin=\skip51

For additional information on amsmath, use the `?' option.
(c:/texlive/2026/texmf-dist/tex/latex/amsmath/amstext.sty
Package: amstext 2024/11/17 v2.01 AMS text

(c:/texlive/2026/texmf-dist/tex/latex/amsmath/amsgen.sty
File: amsgen.sty 1999/11/30 v2.0 generic functions
\@emptytoks=\toks19
\ex@=\dimen152
))
(c:/texlive/2026/texmf-dist/tex/latex/amsmath/amsbsy.sty
Package: amsbsy 1999/11/29 v1.2d Bold Symbols
\pmbraise@=\dimen153
)
(c:/texlive/2026/texmf-dist/tex/latex/amsmath/amsopn.sty
Package: amsopn 2022/04/08 v2.04 operator names
)
\inf@bad=\count286
LaTeX Info: Redefining \frac on input line 233.
\uproot@=\count287
\leftroot@=\count288
LaTeX Info: Redefining \overline on input line 398.
LaTeX Info: Redefining \colon on input line 409.
\classnum@=\count289
\DOTSCASE@=\count290
LaTeX Info: Redefining \ldots on input line 495.
LaTeX Info: Redefining \dots on input line 498.
LaTeX Info: Redefining \cdots on input line 619.
\Mathstrutbox@=\box53
\strutbox@=\box54
LaTeX Info: Redefining \big on input line 721.
LaTeX Info: Redefining \Big on input line 722.
LaTeX Info: Redefining \bigg on input line 723.
LaTeX Info: Redefining \Bigg on input line 724.
\big@size=\dimen154
LaTeX Font Info:    Redeclaring font encoding OML on input line 742.
LaTeX Font Info:    Redeclaring font encoding OMS on input line 743.
\macc@depth=\count291
LaTeX Info: Redefining \bmod on input line 904.
LaTeX Info: Redefining \pmod on input line 909.
LaTeX Info: Redefining \smash on input line 939.
LaTeX Info: Redefining \relbar on input line 969.
LaTeX Info: Redefining \Relbar on input line 970.
\c@MaxMatrixCols=\count292
\dotsspace@=\muskip17
\c@parentequation=\count293
\dspbrk@lvl=\count294
\tag@help=\toks20
\row@=\count295
\column@=\count296
\maxfields@=\count297
\andhelp@=\toks21
\eqnshift@=\dimen155
\alignsep@=\dimen156
\tagshift@=\dimen157
\tagwidth@=\dimen158
\totwidth@=\dimen159
\lineht@=\dimen160
\@envbody=\toks22
\multlinegap=\skip52
\multlinetaggap=\skip53
\mathdisplay@stack=\toks23
LaTeX Info: Redefining \[ on input line 2965.
LaTeX Info: Redefining \] on input line 2966.
)
(c:/texlive/2026/texmf-dist/tex/latex/amsfonts/amssymb.sty
Package: amssymb 2013/01/14 v3.01 AMS font symbols

(c:/texlive/2026/texmf-dist/tex/latex/amsfonts/amsfonts.sty
Package: amsfonts 2013/01/14 v3.01 Basic AMSFonts support
\symAMSa=\mathgroup4
\symAMSb=\mathgroup5
LaTeX Font Info:    Redeclaring math symbol \hbar on input line 98.
LaTeX Font Info:    Overwriting math alphabet `\mathfrak' in version `bold'
(Font)                  U/euf/m/n --> U/euf/b/n on input line 106.
))
(c:/texlive/2026/texmf-dist/tex/latex/mathtools/mathtools.sty
Package: mathtools 2024/10/04 v1.31 mathematical typesetting tools

(c:/texlive/2026/texmf-dist/tex/latex/graphics/keyval.sty
Package: keyval 2026-05-17 v1.15 key=value parser (DPC)
\KV@toks@=\toks24
)
(c:/texlive/2026/texmf-dist/tex/latex/tools/calc.sty
Package: calc 2025/03/01 v4.3b Infix arithmetic (KKT,FJ)
\calc@Acount=\count298
\calc@Bcount=\count299
\calc@Adimen=\dimen161
\calc@Bdimen=\dimen162
\calc@Askip=\skip54
\calc@Bskip=\skip55
LaTeX Info: Redefining \setlength on input line 86.
LaTeX Info: Redefining \addtolength on input line 87.
\calc@Ccount=\count300
\calc@Cskip=\skip56
)
(c:/texlive/2026/texmf-dist/tex/latex/mathtools/mhsetup.sty
Package: mhsetup 2021/03/18 v1.4 programming setup (MH)
)
\g_MT_multlinerow_int=\count301
\l_MT_multwidth_dim=\dimen163
\origjot=\skip57
\l_MT_shortvdotswithinadjustabove_dim=\dimen164
\l_MT_shortvdotswithinadjustbelow_dim=\dimen165
\l_MT_above_intertext_sep=\dimen166
\l_MT_below_intertext_sep=\dimen167
\l_MT_above_shortintertext_sep=\dimen168
\l_MT_below_shortintertext_sep=\dimen169
\xmathstrut@box=\box55
\xmathstrut@dim=\dimen170
)
(c:/texlive/2026/texmf-dist/tex/latex/amscls/amsthm.sty
Package: amsthm 2020/05/29 v2.20.6
\thm@style=\toks25
\thm@bodyfont=\toks26
\thm@headfont=\toks27
\thm@notefont=\toks28
\thm@headpunct=\toks29
\thm@preskip=\skip58
\thm@postskip=\skip59
\thm@headsep=\skip60
\dth@everypar=\toks30
)
(c:/texlive/2026/texmf-dist/tex/latex/geometry/geometry.sty
Package: geometry 2026/03/07 v6.0 Page Geometry

(c:/texlive/2026/texmf-dist/tex/generic/iftex/ifvtex.sty
Package: ifvtex 2019/10/25 v1.7 ifvtex legacy package. Use iftex instead.

(c:/texlive/2026/texmf-dist/tex/generic/iftex/iftex.sty
Package: iftex 2024/12/12 v1.0g TeX engine tests
))
\Gm@cnth=\count302
\Gm@cntv=\count303
\c@Gm@tempcnt=\count304
\Gm@bindingoffset=\dimen171
\Gm@wd@mp=\dimen172
\Gm@odd@mp=\dimen173
\Gm@even@mp=\dimen174
\Gm@layoutwidth=\dimen175
\Gm@layoutheight=\dimen176
\Gm@layouthoffset=\dimen177
\Gm@layoutvoffset=\dimen178
\Gm@dimlist=\toks31
)
(c:/texlive/2026/texmf-dist/tex/latex/microtype/microtype.sty
Package: microtype 2026/03/01 v3.2d Micro-typographical refinements (RS)

(c:/texlive/2026/texmf-dist/tex/latex/etoolbox/etoolbox.sty
Package: etoolbox 2025/10/02 v2.5m e-TeX tools for LaTeX (JAW)
\etb@tempcnta=\count305
)
\MT@toks=\toks32
\MT@tempbox=\box56
\MT@count=\count306
LaTeX Info: Redefining \noprotrusionifhmode on input line 1084.
LaTeX Info: Redefining \leftprotrusion on input line 1085.
\MT@prot@toks=\toks33
LaTeX Info: Redefining \rightprotrusion on input line 1104.
LaTeX Info: Redefining \textls on input line 1449.
\MT@outer@kern=\dimen179
LaTeX Info: Redefining \microtypecontext on input line 2053.
LaTeX Info: Redefining \textmicrotypecontext on input line 2070.
\MT@listname@count=\count307

(c:/texlive/2026/texmf-dist/tex/latex/microtype/microtype-pdftex.def
File: microtype-pdftex.def 2026/03/01 v3.2d Definitions specific to pdftex (RS)

LaTeX Info: Redefining \lsstyle on input line 944.
LaTeX Info: Redefining \lslig on input line 944.
\MT@outer@space=\skip61
)
Package microtype Info: Loading configuration file microtype.cfg.

(c:/texlive/2026/texmf-dist/tex/latex/microtype/microtype.cfg
File: microtype.cfg 2026/03/01 v3.2d microtype main configuration file (RS)
)
LaTeX Info: Redefining \microtypesetup on input line 3065.
)
(c:/texlive/2026/texmf-dist/tex/latex/graphics/graphicx.sty
Package: graphicx 2026-05-17 v1.2e Enhanced LaTeX Graphics (DPC,SPQR)

(c:/texlive/2026/texmf-dist/tex/latex/graphics/graphics.sty
Package: graphics 2026-05-17 v1.4h Standard LaTeX Graphics (DPC,SPQR)

(c:/texlive/2026/texmf-dist/tex/latex/graphics/trig.sty
Package: trig 2023/12/02 v1.11 sin cos tan (DPC)
)
(c:/texlive/2026/texmf-dist/tex/latex/graphics-cfg/graphics.cfg
File: graphics.cfg 2016/06/04 v1.11 sample graphics configuration
)
Package graphics Info: Driver file: pdftex.def on input line 106.

(c:/texlive/2026/texmf-dist/tex/latex/graphics-def/pdftex.def
File: pdftex.def 2025/09/29 v1.2d Graphics/color driver for pdftex
))
\Gin@req@height=\dimen180
\Gin@req@width=\dimen181
)
\pandoc@box=\box57

(c:/texlive/2026/texmf-dist/tex/latex/hyperref/hyperref.sty
Package: hyperref 2026-04-24 v7.01q Hypertext links for LaTeX

(c:/texlive/2026/texmf-dist/tex/latex/kvsetkeys/kvsetkeys.sty
Package: kvsetkeys 2022-10-05 v1.19 Key value parser (HO)
)
(c:/texlive/2026/texmf-dist/tex/generic/kvdefinekeys/kvdefinekeys.sty
Package: kvdefinekeys 2019-12-19 v1.6 Define keys (HO)
)
(c:/texlive/2026/texmf-dist/tex/generic/pdfescape/pdfescape.sty
Package: pdfescape 2019/12/09 v1.15 Implements pdfTeX's escape features (HO)

(c:/texlive/2026/texmf-dist/tex/generic/ltxcmds/ltxcmds.sty
Package: ltxcmds 2023-12-04 v1.26 LaTeX kernel commands for general use (HO)
)
(c:/texlive/2026/texmf-dist/tex/generic/pdftexcmds/pdftexcmds.sty
Package: pdftexcmds 2020-06-27 v0.33 Utility functions of pdfTeX for LuaTeX (HO
)

(c:/texlive/2026/texmf-dist/tex/generic/infwarerr/infwarerr.sty
Package: infwarerr 2019/12/03 v1.5 Providing info/warning/error messages (HO)
)
Package pdftexcmds Info: \pdf@primitive is available.
Package pdftexcmds Info: \pdf@ifprimitive is available.
Package pdftexcmds Info: \pdfdraftmode found.
))
(c:/texlive/2026/texmf-dist/tex/latex/hycolor/hycolor.sty
Package: hycolor 2020-01-27 v1.10 Color options for hyperref/bookmark (HO)
)
(c:/texlive/2026/texmf-dist/tex/latex/hyperref/nameref.sty
Package: nameref 2026-01-29 v2.58 Cross-referencing by name of section

(c:/texlive/2026/texmf-dist/tex/latex/refcount/refcount.sty
Package: refcount 2019/12/15 v3.6 Data extraction from label references (HO)
)
(c:/texlive/2026/texmf-dist/tex/generic/gettitlestring/gettitlestring.sty
Package: gettitlestring 2019/12/15 v1.6 Cleanup title references (HO)

(c:/texlive/2026/texmf-dist/tex/latex/kvoptions/kvoptions.sty
Package: kvoptions 2022-06-15 v3.15 Key value format for package options (HO)
))
\c@section@level=\count308
)
(c:/texlive/2026/texmf-dist/tex/generic/stringenc/stringenc.sty
Package: stringenc 2019/11/29 v1.12 Convert strings between diff. encodings (HO
)
)
\@linkdim=\dimen182
\Hy@linkcounter=\count309
\Hy@pagecounter=\count310

(c:/texlive/2026/texmf-dist/tex/latex/hyperref/pd1enc.def
File: pd1enc.def 2026-04-24 v7.01q Hyperref: PDFDocEncoding definition (HO)
Now handling font encoding PD1 ...
... no UTF-8 mapping file for font encoding PD1
)
(c:/texlive/2026/texmf-dist/tex/generic/intcalc/intcalc.sty
Package: intcalc 2019/12/15 v1.3 Expandable calculations with integers (HO)
)
\Hy@SavedSpaceFactor=\count311

(c:/texlive/2026/texmf-dist/tex/latex/hyperref/puenc.def
File: puenc.def 2026-04-24 v7.01q Hyperref: PDF Unicode definition (HO)
Now handling font encoding PU ...
... no UTF-8 mapping file for font encoding PU
)
Package hyperref Info: Option `unicode' set `true' on input line 3164.
Package hyperref Info: Hyper figures OFF on input line 4199.
Package hyperref Info: Link nesting OFF on input line 4204.
Package hyperref Info: Hyper index ON on input line 4207.
Package hyperref Info: Plain pages OFF on input line 4214.
Package hyperref Info: Backreferencing OFF on input line 4219.
Package hyperref Info: Implicit mode ON; LaTeX internals redefined.
Package hyperref Info: Bookmarks ON on input line 4466.
\c@Hy@tempcnt=\count312

(c:/texlive/2026/texmf-dist/tex/latex/url/url.sty
\Urlmuskip=\muskip18
Package: url 2013/09/16  ver 3.4  Verb mode for urls, etc.
)
LaTeX Info: Redefining \url on input line 4805.
\XeTeXLinkMargin=\dimen183

(c:/texlive/2026/texmf-dist/tex/generic/bitset/bitset.sty
Package: bitset 2019/12/09 v1.3 Handle bit-vector datatype (HO)

(c:/texlive/2026/texmf-dist/tex/generic/bigintcalc/bigintcalc.sty
Package: bigintcalc 2019/12/15 v1.5 Expandable calculations on big integers (HO
)
))
\Fld@menulength=\count313
\Field@Width=\dimen184
\Fld@charsize=\dimen185
Package hyperref Info: Hyper figures OFF on input line 6091.
Package hyperref Info: Link nesting OFF on input line 6096.
Package hyperref Info: Hyper index ON on input line 6099.
Package hyperref Info: backreferencing OFF on input line 6106.
Package hyperref Info: Link coloring OFF on input line 6111.
Package hyperref Info: Link coloring with OCG OFF on input line 6116.
Package hyperref Info: PDF/A mode OFF on input line 6121.
\Hy@abspage=\count314
\c@Item=\count315
\c@Hfootnote=\count316
)
Package hyperref Info: Driver (autodetected): hpdftex.

(c:/texlive/2026/texmf-dist/tex/latex/hyperref/hpdftex.def
File: hpdftex.def 2026-04-24 v7.01q Hyperref driver for pdfTeX
\Fld@listcount=\count317
\c@bookmark@seq@number=\count318

(c:/texlive/2026/texmf-dist/tex/latex/rerunfilecheck/rerunfilecheck.sty
Package: rerunfilecheck 2025-06-21 v1.11 Rerun checks for auxiliary files (HO)

(c:/texlive/2026/texmf-dist/tex/generic/uniquecounter/uniquecounter.sty
Package: uniquecounter 2019/12/15 v1.4 Provide unlimited unique counter (HO)
)
Package uniquecounter Info: New unique counter `rerunfilecheck' on input line 2
84.
)
\Hy@SectionHShift=\skip62
)
Package hyperref Info: Option `colorlinks' set `true' on input line 48.

(c:/texlive/2026/texmf-dist/tex/latex/l3backend/l3backend-pdftex.def
File: l3backend-pdftex.def 2026-02-18 L3 backend support: PDF output (pdfTeX)
\l__color_backend_stack_int=\count319
)
(./main.aux)
\openout1 = `main.aux'.

LaTeX Font Info:    Checking defaults for OML/cmm/m/it on input line 55.
LaTeX Font Info:    ... okay on input line 55.
LaTeX Font Info:    Checking defaults for OMS/cmsy/m/n on input line 55.
LaTeX Font Info:    ... okay on input line 55.
LaTeX Font Info:    Checking defaults for OT1/cmr/m/n on input line 55.
LaTeX Font Info:    ... okay on input line 55.
LaTeX Font Info:    Checking defaults for T1/cmr/m/n on input line 55.
LaTeX Font Info:    ... okay on input line 55.
LaTeX Font Info:    Checking defaults for TS1/cmr/m/n on input line 55.
LaTeX Font Info:    ... okay on input line 55.
LaTeX Font Info:    Checking defaults for OMX/cmex/m/n on input line 55.
LaTeX Font Info:    ... okay on input line 55.
LaTeX Font Info:    Checking defaults for U/cmr/m/n on input line 55.
LaTeX Font Info:    ... okay on input line 55.
LaTeX Font Info:    Checking defaults for T2A/cmr/m/n on input line 55.
LaTeX Font Info:    ... okay on input line 55.
LaTeX Font Info:    Checking defaults for PD1/pdf/m/n on input line 55.
LaTeX Font Info:    ... okay on input line 55.
LaTeX Font Info:    Checking defaults for PU/pdf/m/n on input line 55.
LaTeX Font Info:    ... okay on input line 55.
LaTeX Info: Redefining \th on input line 55.

*geometry* driver: auto-detecting
*geometry* detected driver: pdftex
*geometry* verbose mode - [ preamble ] result:
* driver: pdftex
* paper: a4paper
* layout: <same size as paper>
* layoutoffset:(h,v)=(0.0pt,0.0pt)
* modes: 
* h-part:(L,W,R)=(71.13188pt, 469.47049pt, 56.9055pt)
* v-part:(T,H,B)=(71.13188pt, 702.78308pt, 71.13188pt)
* \paperwidth=597.50787pt
* \paperheight=845.04684pt
* \textwidth=469.47049pt
* \textheight=702.78308pt
* \oddsidemargin=-1.1381pt
* \evensidemargin=-1.1381pt
* \topmargin=-38.1381pt
* \headheight=12.0pt
* \headsep=25.0pt
* \topskip=12.0pt
* \footskip=30.0pt
* \marginparwidth=35.0pt
* \marginparsep=10.0pt
* \columnsep=10.0pt
* \skip\footins=10.8pt plus 4.0pt minus 2.0pt
* \hoffset=0.0pt
* \voffset=0.0pt
* \mag=1000
* \@twocolumnfalse
* \@twosidefalse
* \@mparswitchfalse
* \@reversemarginfalse
* (1in=72.27pt=25.4mm, 1cm=28.453pt)

LaTeX Info: Redefining \microtypecontext on input line 55.
Package microtype Info: Applying patch `item' on input line 55.
Package microtype Info: Applying patch `toc' on input line 55.
Package microtype Info: Applying patch `eqnum' on input line 55.
Package microtype Info: Applying patch `footnote' on input line 55.
Package microtype Info: Applying patch `verbatim' on input line 55.
LaTeX Info: Redefining \microtypesetup on input line 55.
Package microtype Info: Generating PDF output.
Package microtype Info: Character protrusion enabled (level 2).
Package microtype Info: Using default protrusion set `alltext'.
Package microtype Info: Automatic font expansion enabled (level 2),
(microtype)             stretch: 20, shrink: 20, step: 1, non-selected.
Package microtype Info: Using default expansion set `alltext-nott'.
Package microtype Info: Patching command `\showhyphens'.
Package microtype Info: No adjustment of tracking.
Package microtype Info: No adjustment of interword spacing.
Package microtype Info: No adjustment of character kerning.
(c:/texlive/2026/texmf-dist/tex/latex/microtype/mt-cmr.cfg
File: mt-cmr.cfg 2013/05/19 v2.2 microtype config. file: Computer Modern Roman 
(RS)
)
(c:/texlive/2026/texmf-dist/tex/context/base/mkii/supp-pdf.mkii
[Loading MPS to PDF converter (version 2006.09.02).]
\scratchcounter=\count320
\scratchdimen=\dimen186
\scratchbox=\box58
\nofMPsegments=\count321
\nofMParguments=\count322
\everyMPshowfont=\toks34
\MPscratchCnt=\count323
\MPscratchDim=\dimen187
\MPnumerator=\count324
\makeMPintoPDFobject=\count325
\everyMPtoPDFconversion=\toks35
) (c:/texlive/2026/texmf-dist/tex/latex/epstopdf-pkg/epstopdf-base.sty
Package: epstopdf-base 2020-01-24 v2.11 Base part for package epstopdf
Package epstopdf-base Info: Redefining graphics rule for `.eps' on input line 4
85.

(c:/texlive/2026/texmf-dist/tex/latex/latexconfig/epstopdf-sys.cfg
File: epstopdf-sys.cfg 2010/07/13 v1.3 Configuration of (r)epstopdf for TeX Liv
e
))
(c:/texlive/2026/texmf-dist/tex/latex/graphics/color.sty
Package: color 2026-05-17 v1.3f Standard LaTeX Color (DPC)

(c:/texlive/2026/texmf-dist/tex/latex/graphics-cfg/color.cfg
File: color.cfg 2016/01/02 v1.6 sample color configuration
)
Package color Info: Driver file: pdftex.def on input line 149.

(c:/texlive/2026/texmf-dist/tex/latex/graphics/mathcolor.ltx))
Package hyperref Info: Link coloring ON on input line 55.
 (./main.out)
(./main.out)
\@outlinefile=\write3
\openout3 = `main.out'.

 (./main.toc
LaTeX Font Info:    Trying to load font information for U+msa on input line 4.
 (c:/texlive/2026/texmf-dist/tex/latex/amsfonts/umsa.fd
File: umsa.fd 2013/01/14 v3.01 AMS symbols A
) (c:/texlive/2026/texmf-dist/tex/latex/microtype/mt-msa.cfg
File: mt-msa.cfg 2006/02/04 v1.1 microtype config. file: AMS symbols (a) (RS)
)
LaTeX Font Info:    Trying to load font information for U+msb on input line 4.

(c:/texlive/2026/texmf-dist/tex/latex/amsfonts/umsb.fd
File: umsb.fd 2013/01/14 v3.01 AMS symbols B
)
(c:/texlive/2026/texmf-dist/tex/latex/microtype/mt-msb.cfg
File: mt-msb.cfg 2005/06/01 v1.0 microtype config. file: AMS symbols (b) (RS)
)
Overfull \hbox (37.7382pt too wide) in paragraph at lines 6--6
 [] [][][]\T2A/cmr/bx/n/12 (-20) ╬’­ÕõÕļÕĒĶÕ ’­ÕõÕļ³ĒŅķ “Ņ„ĻĶ Ķ ’­ÕõÕļÓ ’Ņ±ļÕõŅ
ŌÓ“Õļ³ĒŅ±“Ķ Ķń ĻŅņ’ļÕĻ±Ē¹§ 
 []


Overfull \hbox (16.79247pt too wide) in paragraph at lines 6--6
 \T2A/cmr/bx/n/12 (-20) „Ķ±Õļ. ═ÕŅß§ŅõĶņŅÕ Ķ õŅ±“Ó“Ņ„ĒŅÕ ¾±ļŅŌĶÕ ±§ŅõĶņŅ±“Ķ ’Ņ±
ļÕõŅŌÓ“Õļ³ĒŅ±“Ķ 
 []


Overfull \hbox (3.91476pt too wide) in paragraph at lines 6--6
 \T2A/cmr/bx/n/12 (-20) (±§ŅõĶņŅ±“³ õÕķ±“ŌĶ“Õļ³Ē¹§ Ķ ņĒĶņ¹§ „Ó±“Õķ). ╬’­ÕõÕļÕĒĶ
Õ ßÕ±ĻŅĒÕ„ĒŅ 
 []


Overfull \hbox (3.66127pt too wide) in paragraph at lines 9--9
 [] [][][]\T2A/cmr/bx/n/12 (-20) ╬’­ÕõÕļÕĒĶÕ ŅßļÓ±“Ķ. ╬’­ÕõÕļÕĒĶÕ ¶¾ĒĻ÷ĶĶ ĻŅņ’ļ
ÕĻ±ĒŅŃŅ ’Õ­ÕņÕĒĒŅŃŅ, 
 []


Overfull \hbox (2.13239pt too wide) in paragraph at lines 10--10
 [] [][][]\T2A/cmr/bx/n/12 (-20) ╬’­ÕõÕļÕĒĶÕ ’­ÕõÕļÓ ¶¾ĒĻ÷ĶĶ Ō “Ņ„ĻÕ ŅßļÓ±“Ķ. č
Ō ń³ ± ±¾∙Õ±“ŌŅŌÓĒĶÕņ 
 []


Overfull \hbox (68.43979pt too wide) in paragraph at lines 12--12
 \T2A/cmr/bx/n/12 (-20) õĶ¶¶Õ­ÕĒ÷Ķ­¾ÕņŅ±“Ķ. ═ÕŅß§ŅõĶņ¹Õ Ķ õŅ±“Ó“Ņ„Ē¹Õ ¾±ļŅŌĶ  õ
Ķ¶¶Õ­ÕĒ÷Ķ­¾ÕņŅ±“Ķ.[][] []  
 []

[1

{c:/texlive/2026/texmf-var/fonts/map/pdftex/updmap/pdftex.map}{c:/texlive/2026/
texmf-dist/fonts/enc/dvips/cm-super/cm-super-t2a.enc}]
Overfull \hbox (33.86249pt too wide) in paragraph at lines 14--14
 [] [][][]\T2A/cmr/bx/n/12 (-20) ŽŅĒ “ĶÕ ÓĒÓļĶ“Ķ„Õ±ĻŅķ ¶¾ĒĻ÷ĶĶ Ō “Ņ„ĻÕ Ķ Ō ŅßļÓ
±“Ķ. ŽŅĒ “ĶÕ ŃÓ­ņŅĒĶ„Õ±ĻŅķ 
 []


Overfull \hbox (1.92796pt too wide) in paragraph at lines 14--14
 \T2A/cmr/bx/n/12 (-20) ¶¾ĒĻ÷ĶĶ. čŌ ń³ ņÕµõ¾ ÓĒÓļĶ“Ķ„Õ±ĻĶņĶ Ķ ŃÓ­ņŅĒĶ„Õ±ĻĶņĶ ¶¾
ĒĻ÷Ķ ņĶ.[][] []  
 []


Overfull \hbox (13.19852pt too wide) in paragraph at lines 16--16
 [] [][][]\T2A/cmr/bx/n/12 (-20) ╬’­ÕõÕļÕĒĶÕ ŅõĒŅļĶ±“ĒŅķ ¶¾ĒĻ÷ĶĶ, ĻŅĒ¶Ņ­ņĒŅŃŅ Ņ
“Ņß­ÓµÕĒĶ . čŌŅķ±“ŌÓ 
 []


Overfull \hbox (39.14735pt too wide) in paragraph at lines 17--17
 [] [][][]\T2A/cmr/bx/n/12 (-20) ╬’­ÕõÕļÕĒĶÕ õ­ŅßĒŅ-ļĶĒÕķĒŅķ ¶¾ĒĻ÷ĶĶ. ╬“Ņß­ÓµÕĒ
ĶÕ ’­ ņ¹§ Ķ ŅĻ­¾µĒŅ±“Õķ 
 []


Overfull \hbox (15.02489pt too wide) in paragraph at lines 18--18
 \T2A/cmr/bx/n/12 (-20) Ņ­ĶÕĒ“Ķ­ŅŌÓĒĒŅņ¾ ĻŅĒ“¾­¾. čŌŅķ±“ŌÓ ĶĒ“ÕŃ­ÓļÓ Ņ“ ¶¾ĒĻ÷ĶĶ
 ĻŅņ’ļÕĻ±ĒŅŃŅ 
 []


Overfull \hbox (3.94933pt too wide) in paragraph at lines 19--19
 [] [][][]\T2A/cmr/bx/n/12 (-20) ╚Ē“ÕŃ­Óļ³ĒÓ  ¶Ņ­ņ¾ļÓ ╩Ņ°Ķ õļ  ¶¾ĒĻ÷ĶĶ Ķ õļ  ’­
ŅĶńŌŅõĒŅķ ¶¾ĒĻ÷ĶĶ.[][] []  
 []


Overfull \hbox (14.71373pt too wide) in paragraph at lines 20--20
 [] [][][]\T2A/cmr/bx/n/12 (-20) ╬’­ÕõÕļÕĒĶÕ ’Õ­ŌŅŅß­ÓńĒŅķ ¶¾ĒĻ÷ĶĶ ĻŅņ’ļÕĻ±ĒŅŃŅ
 ’Õ­ÕņÕĒĒŅŃŅ. ęÕŅ­ÕņÓ 
 []


Overfull \hbox (6.02798pt too wide) in paragraph at lines 21--21
 [] [][][]\T2A/cmr/bx/n/12 (-20) ęÕŅ­ÕņÓ ęÕķļŅ­Ó Ņ ­ÓńļŅµÕĒĶĶ ÓĒÓļĶ“Ķ„Õ±ĻĶ§ ¶¾Ē
Ļ÷Ķķ Ō Ļ­¾ŃÕ. ęÕŅ­ÕņÓ 
 []


Overfull \hbox (21.12645pt too wide) in paragraph at lines 22--22
 [] [][][]\T2A/cmr/bx/n/12 (-20) ╩ļÓ±±Ķ¶ĶĻÓ÷Ķ  (Ņ’­ÕõÕļÕĒĶ ) ĶńŅļĶ­ŅŌÓĒĒ¹§ Ņ±Ņß
¹§ “Ņ„ÕĻ ÓĒÓļĶ“Ķ„Õ±ĻĶ§ 
 []


Overfull \hbox (8.31517pt too wide) in paragraph at lines 24--24
 \T2A/cmr/bx/n/12 (-20) ¶¾ĒĻ÷ĶĶ, ÓĒÓļĶ“Ķ„Õ±ĻŅķ ĒÓ Ō±Õķ ĻŅņ’ļÕĻ±ĒŅķ ’ļŅ±ĻŅ±“Ķ, ń
Ó Ķ±Ļļ■„ÕĒĶÕņ 
 []

[2]
Overfull \hbox (32.30354pt too wide) in paragraph at lines 26--26
 [] [][][]\T2A/cmr/bx/n/12 (-20) ╬’­ÕõÕļÕĒĶÕ Ņ­ĶŃĶĒÓļÓ Ķ ĶńŅß­ÓµÕĒĶ  ’Ņ ╦Ó’ļÓ±¾
. ęÕŅ­ÕņÓ Ņ ±¾∙Õ±“ŌŅŌÓĒĶĶ 
 []


Overfull \hbox (40.00714pt too wide) in paragraph at lines 27--27
 [] [][][]\T2A/cmr/bx/n/12 (-20) čŌŅķ±“ŌÓ ’­ÕŅß­ÓńŅŌÓĒĶ  ╦Ó’ļÓ±Ó: ’ŅõŅßĶÕ, ±õŌĶ
Ń ĶńŅß­ÓµÕĒĶ , ńÓ’Óńõ¹ŌÓĒĶÕ 
 []

)
\tf@toc=\write4
\openout4 = `main.toc'.

 [3] (./tex/01.tex [4]
<ąÆąŠą┐čĆąŠčüčŗ/media/Pasted image 20260605151104.png, id=212, 236.38312pt x 23
4.8775pt>
File: ąÆąŠą┐čĆąŠčüčŗ/media/Pasted image 20260605151104.png Graphic file (type p
ng)
<use ąÆąŠą┐čĆąŠčüčŗ/media/Pasted image 20260605151104.png>
Package pdftex.def Info: ąÆąŠą┐čĆąŠčüčŗ/media/Pasted image 20260605151104.png  
used on input line 88.
(pdftex.def)             Requested size: 236.38254pt x 234.87692pt.
) [5 <./ąÆąŠą┐čĆąŠčüčŗ/media/Pasted image 20260605151104.png>] (./tex/02.tex
Overfull \hbox (13.65451pt too wide) in paragraph at lines 3--3
\T2A/cmr/bx/n/17.28 (-20) ╬’Ķ±Ó“³ ÓļŃŅ­Ķ“ņ ’Ņ±“­ŅÕĒĶ  ±¶Õ­¹ ąĶņÓĒÓ. čõÕļÓ“³
 []


Package hyperref Warning: Difference (2) between bookmark levels is greater 
(hyperref)                than one, level fixed on input line 12.

<ąÆąŠą┐čĆąŠčüčŗ/media/Pasted image 20260605161528.png, id=223, 497.60907pt x 24
3.91125pt>
File: ąÆąŠą┐čĆąŠčüčŗ/media/Pasted image 20260605161528.png Graphic file (type p
ng)
<use ąÆąŠą┐čĆąŠčüčŗ/media/Pasted image 20260605161528.png>
Package pdftex.def Info: ąÆąŠą┐čĆąŠčüčŗ/media/Pasted image 20260605161528.png  
used on input line 70.
(pdftex.def)             Requested size: 497.60785pt x 243.91064pt.
[6])
Underfull \hbox (badness 10000) in paragraph at lines 70--64

 []

[7 <./ąÆąŠą┐čĆąŠčüčŗ/media/Pasted image 20260605161528.png>] (./tex/03.tex
Overfull \hbox (73.17978pt too wide) in paragraph at lines 5--5
[]\T2A/cmr/bx/n/17.28 (-20) ╬’­ÕõÕļÕĒĶÕ ’­ÕõÕļ³ĒŅķ “Ņ„ĻĶ Ķ ’­ÕõÕļÓ ’Ņ±ļÕõŅŌÓ“Õļ
³ĒŅ±“Ķ
 []


Overfull \hbox (32.90953pt too wide) in paragraph at lines 5--5
\T2A/cmr/bx/n/17.28 (-20) ßÕ±ĻŅĒÕ„ĒŅ ßŅļ³°Ņķ ’Ņ±ļÕõŅŌÓ“Õļ³ĒŅ±“Ķ Ķń ĻŅņ’ļÕĻ±Ē¹§
 []


Overfull \hbox (61.50429pt too wide) in paragraph at lines 22--27
[]\T2A/cmr/bx/n/12 (-20) ęÕŅ­ÕņÓ: \T2A/cmr/m/n/12 (-20) (═ÕŅß§ŅõĶņŅÕ Ķ õŅ±“Ó“Ņ„
ĒŅÕ ¾±ļŅŌĶÕ ±§ŅõĶņŅ±“Ķ ’Ņ±ļÕõŅŌÓ“Õļ³ĒŅ±“Ķ) ŽŅ±ļÕõŅŌÓ“Õļ³ĒŅ±“³
 []

) [8] (./tex/04.tex
Overfull \hbox (17.19946pt too wide) in paragraph at lines 3--3
[]\T2A/cmr/bx/n/17.28 (-20) ╬’­ÕõÕļÕĒĶÕ ­ õÓ Ķń ĻŅņ’ļÕĻ±Ē¹§ „Ķ±Õļ. ╬’­ÕõÕļÕĒĶÕ
 []

) [9] (./tex/05.tex
Overfull \hbox (1.84592pt too wide) in paragraph at lines 3--3
[]\T2A/cmr/bx/n/17.28 (-20) ╬’­ÕõÕļÕĒĶÕ Óß±Ņļ■“ĒŅ ±§Ņõ ∙ÕŃŅ±  ­ õÓ. ╩­Ķ“Õ­Ķķ
 []

) [10] (./tex/06.tex
Overfull \hbox (51.74486pt too wide) in paragraph at lines 3--3
[]\T2A/cmr/bx/n/17.28 (-20) ╬’­ÕõÕļÕĒĶÕ ŅßļÓ±“Ķ. ╬’­ÕõÕļÕĒĶÕ ¶¾ĒĻ÷ĶĶ ĻŅņ’ļÕĻ±ĒŅ
ŃŅ
 []

) [11] (./tex/07.tex
Overfull \hbox (9.21945pt too wide) in paragraph at lines 4--4
[]\T2A/cmr/bx/n/17.28 (-20) ╬’­ÕõÕļÕĒĶÕ ’­ÕõÕļÓ ¶¾ĒĻ÷ĶĶ Ō “Ņ„ĻÕ ŅßļÓ±“Ķ. čŌ ń³
 []


Overfull \hbox (2.21889pt too wide) in paragraph at lines 4--4
\T2A/cmr/bx/n/17.28 (-20) ± ±¾∙Õ±“ŌŅŌÓĒĶÕņ ’­ÕõÕļŅŌ õÕķ±“ŌĶ“Õļ³ĒŅķ Ķ ņĒĶņŅķ
 []

) [12] (./tex/08.tex
Overfull \hbox (27.38759pt too wide) in paragraph at lines 4--4
[]\T2A/cmr/bx/n/17.28 (-20) ╬’­ÕõÕļÕĒĶÕ ­ÓŌĒŅņÕ­ĒŅ ±§Ņõ ∙ÕŃŅ±  ¶¾ĒĻ÷ĶŅĒÓļ³ĒŅŃŅ
 []


Overfull \hbox (49.28195pt too wide) in paragraph at lines 4--4
\T2A/cmr/bx/n/17.28 (-20) ­ õÓ Ō ŅßļÓ±“Ķ $\OML/cmm/m/it/17.28 G \OMS/cmsy/m/n/1
7.28 ^^Z \U/msb/m/n/17.28 C$\T2A/cmr/bx/n/17.28 (-20) . ─Ņ±“Ó“Ņ„Ē¹ķ ’­ĶńĒÓĻ ┬Õķ
Õ­°“­Ó±±Ó
 []


Overfull \hbox (47.2833pt too wide) in paragraph at lines 6--11
\T2A/cmr/bx/n/12 (-20) ╬’­ÕõÕļÕĒĶÕ: \T2A/cmr/m/n/12 (-20) į¾ĒĻ÷ĶŅĒÓļ³Ē¹Õ ­ õ¹: 
$[] \OML/cmm/m/it/12 f[]\OT1/cmr/m/n/12 (-20) (\OML/cmm/m/it/12 z\OT1/cmr/m/n/1
2 (-20) )\OML/cmm/m/it/12 ;  f[]\OT1/cmr/m/n/12 (-20) (\OML/cmm/m/it/12 z\OT1/c
mr/m/n/12 (-20) ) = \OML/cmm/m/it/12 u[]\OT1/cmr/m/n/12 (-20) (\OML/cmm/m/it/12
 x; y\OT1/cmr/m/n/12 (-20) ) + \OML/cmm/m/it/12 i \OMS/cmsy/m/n/12 ^^A \OML/cmm
/m/it/12 v\OT1/cmr/m/n/12 (-20) (\OML/cmm/m/it/12 x; y\OT1/cmr/m/n/12 (-20) )$\
T2A/cmr/m/n/12 (-20) , $[] \OML/cmm/m/it/12 u[]\OT1/cmr/m/n/12 (-20) (\OML/cmm/
m/it/12 x; y\OT1/cmr/m/n/12 (-20) )\OML/cmm/m/it/12 ;  [] v[]\OT1/cmr/m/n/12 (-
20) (\OML/cmm/m/it/12 x; y\OT1/cmr/m/n/12 (-20) )$\T2A/cmr/m/n/12 (-20) .
 []


Overfull \hbox (13.35286pt too wide) in paragraph at lines 19--22
[]\T2A/cmr/bx/n/12 (-20) ęÕŅ­ÕņÓ: \T2A/cmr/m/n/12 (-20) (─Ņ±“Ó“Ņ„Ē¹ķ ’­ĶńĒÓĻ ┬Õ
ķÕ­°“­Ó±±Ó ­ÓŌĒŅņÕ­ĒŅķ ±§ŅõĶņŅ±“Ķ ¶¾ĒĻ÷ĶŅĒÓļ³ĒŅŃŅ
 []


Underfull \hbox (badness 10000) in paragraph at lines 27--29

 []

) [13] (./tex/09.tex
Overfull \hbox (42.37666pt too wide) in paragraph at lines 3--3
[]\T2A/cmr/bx/n/17.28 (-20) ŽŅĒ “ĶÕ ’­ŅĶńŌŅõĒŅķ ¶¾ĒĻ÷ĶĶ ĻŅņ’ļÕĻ±ĒŅŃŅ ’Õ­ÕņÕĒĒŅŃ
Ņ
 []

) [14] (./tex/10.tex
Overfull \hbox (84.25792pt too wide) in paragraph at lines 3--3
[]\T2A/cmr/bx/n/17.28 (-20) └­Ķ¶ņÕ“Ķ„Õ±ĻĶÕ ±ŌŅķ±“ŌÓ ’­ŅĶńŌŅõĒŅķ. ─Ķ¶¶Õ­ÕĒ÷Ķ­ŅŌÓ
ĒĶÕ
 []


Overfull \hbox (3.77122pt too wide) in paragraph at lines 5--9
\T2A/cmr/bx/n/12 (-20) ęÕŅ­ÕņÓ: \T2A/cmr/m/n/12 (-20) (└­Ķ¶ņÕ“Ķ„Õ±ĻÓ  “ÕŅ­ÕņÓ Ņ
 ’­ŅĶńŌŅõĒ¹§) Ž¾±“³ $\OML/cmm/m/it/12 f\OT1/cmr/m/n/12 (-20) (\OML/cmm/m/it/12 
z\OT1/cmr/m/n/12 (-20) )$ \T2A/cmr/m/n/12 (-20) Ķ $\OML/cmm/m/it/12 g\OT1/cmr/m
/n/12 (-20) (\OML/cmm/m/it/12 z\OT1/cmr/m/n/12 (-20) )$ \T2A/cmr/m/n/12 (-20) õ
Ķ¶¶Õ­ÕĒ÷Ķ­¾Õņ¹
 []


Overfull \hbox (36.75185pt too wide) in paragraph at lines 21--25
[]\T2A/cmr/bx/n/12 (-20) ęÕŅ­ÕņÓ: \T2A/cmr/m/n/12 (-20) (─Ķ¶¶Õ­ÕĒ÷Ķ­ŅŌÓĒĶÕ ±ļŅµ
ĒŅķ ¶¾ĒĻ÷ĶĶ) Ž¾±“³ ¶¾ĒĻ÷Ķ  $\OML/cmm/m/it/12 w \OT1/cmr/m/n/12 (-20) = \OML/cmm
/m/it/12 f\OT1/cmr/m/n/12 (-20) (\OML/cmm/m/it/12 z\OT1/cmr/m/n/12 (-20) )$ \T2
A/cmr/m/n/12 (-20) õĶ¶¶Õ­ÕĒ÷Ķ­¾ÕņÓ
 []

) [15] (./tex/11.tex
Overfull \hbox (4.90733pt too wide) in paragraph at lines 3--3
[]\T2A/cmr/bx/n/17.28 (-20) ŽŅĒ “ĶÕ ÓĒÓļĶ“Ķ„Õ±ĻŅķ ¶¾ĒĻ÷ĶĶ Ō “Ņ„ĻÕ Ķ Ō ŅßļÓ±“Ķ.
 []

) [16] (./tex/12.tex
Overfull \hbox (32.76851pt too wide) in paragraph at lines 3--3
[]\T2A/cmr/bx/n/17.28 (-20) ├ÕŅņÕ“­Ķ„Õ±ĻĶķ ±ņ¹±ļ ņŅõ¾ļ  Ķ Ó­Ń¾ņÕĒ“Ó ’­ŅĶńŌŅõĒŅķ

 []


Overfull \hbox (5.7283pt too wide) in paragraph at lines 3--3
\T2A/cmr/bx/n/17.28 (-20) ¶¾ĒĻ÷ĶĶ Ō “Ņ„ĻÕ (­Ķ±¾ĒĻĶ Ķ ’Ņ ±ĒÕĒĶ  Ņß ńÓ“Õļ³Ē¹). 
 []

<ąÆąŠą┐čĆąŠčüčŗ/media/Pasted image 20260605234927.png, id=294, 526.96875pt x 22
8.10219pt>
File: ąÆąŠą┐čĆąŠčüčŗ/media/Pasted image 20260605234927.png Graphic file (type p
ng)
<use ąÆąŠą┐čĆąŠčüčŗ/media/Pasted image 20260605234927.png>
Package pdftex.def Info: ąÆąŠą┐čĆąŠčüčŗ/media/Pasted image 20260605234927.png  
used on input line 20.
(pdftex.def)             Requested size: 526.96745pt x 228.10161pt.
) [17 <./ąÆąŠą┐čĆąŠčüčŗ/media/Pasted image 20260605234927.png>] (./tex/13.tex
Overfull \hbox (1.52647pt too wide) in paragraph at lines 32--35
[]\T2A/cmr/m/n/12 (-20) ╬“Ņß­ÓµÕĒĶÕ, Ņß­Ó“ĒŅÕ Ļ ĻŅĒ¶Ņ­ņĒŅņ¾ Ņ“Ņß­ÓµÕĒĶ■, “ÓĻµÕ 
 Ōļ Õ“±  ĻŅĒ¶Ņ­ņĒ¹ņ. 
 []

) [18] (./tex/14.tex
Overfull \hbox (24.883pt too wide) in paragraph at lines 5--5
[]\T2A/cmr/bx/n/17.28 (-20) ╬’­ÕõÕļÕĒĶÕ õ­ŅßĒŅ-ļĶĒÕķĒŅķ ¶¾ĒĻ÷ĶĶ. ╬“Ņß­ÓµÕĒĶÕ
 []


Overfull \hbox (56.9003pt too wide) in paragraph at lines 5--5
\T2A/cmr/bx/n/17.28 (-20) ’­ ņ¹§ Ķ ŅĻ­¾µĒŅ±“Õķ ’­Ķ õ­ŅßĒŅ-ļĶĒÕķĒŅņ Ņ“Ņß­ÓµÕĒĶĶ.

 []


Overfull \hbox (60.01639pt too wide) in paragraph at lines 5--5
\T2A/cmr/bx/n/17.28 (-20) ┬¹­ÓµÕĒĶÕ õļ  õ­ŅßĒŅ-ļĶĒÕķĒŅķ ¶¾ĒĻ÷ĶĶ, Ņ“Ņß­ÓµÓ■∙Õķ
 []

) [19] (./tex/15.tex
Overfull \hbox (13.54475pt too wide) in paragraph at lines 3--3
\T2A/cmr/bx/n/17.28 (-20) ’Õ­ÕņÕĒĒŅŃŅ ’Ņ Ņ­ĶÕĒ“Ķ­ŅŌÓĒĒŅņ¾ ĻŅĒ“¾­¾. čŌŅķ±“ŌÓ
 []

[20{c:/texlive/2026/texmf-dist/fonts/enc/dvips/cm-super/cm-super-ts1.enc}])
[21] (./tex/16.tex) [22] (./tex/17.tex
Overfull \hbox (83.2394pt too wide) in paragraph at lines 4--4
\T2A/cmr/bx/n/17.28 (-20) ’Õ­ÕņÕĒĒŅŃŅ. ęÕŅ­ÕņÓ Ņ õŅ±“Ó“Ņ„Ē¹§ ¾±ļŅŌĶ § ±¾∙Õ±“ŌŅŌ
ÓĒĶ 
 []


Overfull \hbox (30.93102pt too wide) in paragraph at lines 4--4
\T2A/cmr/bx/n/17.28 (-20) ’Õ­ŌŅŅß­ÓńĒŅķ. ęÕŅ­ÕņÓ Ņ ¶Ņ­ņ¾ļÕ ═³■“ŅĒÓ -╦ÕķßĒĶ÷Ó
 []

) [23] (./tex/18.tex
Overfull \hbox (32.36517pt too wide) in paragraph at lines 3--3
[]\T2A/cmr/bx/n/17.28 (-20) ęÕŅ­ÕņÓ ęÕķļŅ­Ó Ņ ­ÓńļŅµÕĒĶĶ ÓĒÓļĶ“Ķ„Õ±ĻĶ§ ¶¾ĒĻ÷Ķķ
 []


Overfull \hbox (19.03125pt too wide) in paragraph at lines 3--3
\T2A/cmr/bx/n/17.28 (-20) Ō Ļ­¾ŃÕ. ęÕŅ­ÕņÓ ╦Ņ­ÓĒÓ Ņ ­ÓńļŅµÕĒĶĶ ÓĒÓļĶ“Ķ„Õ±ĻĶ§
 []

) [24] (./tex/19.tex
Overfull \hbox (18.3245pt too wide) in paragraph at lines 5--5
[]\T2A/cmr/bx/n/17.28 (-20) ╩ļÓ±±Ķ¶ĶĻÓ÷Ķ  (Ņ’­ÕõÕļÕĒĶ ) ĶńŅļĶ­ŅŌÓĒĒ¹§ Ņ±Ņß¹§
 []


Overfull \hbox (2.91048pt too wide) in paragraph at lines 5--5
\T2A/cmr/bx/n/17.28 (-20) “Ņ„ÕĻ ÓĒÓļĶ“Ķ„Õ±ĻĶ§ ¶¾ĒĻ÷Ķķ. ęÕŅ­ÕņÓ Ņ ±“­¾Ļ“¾­Õ
 []


Overfull \hbox (18.07776pt too wide) in paragraph at lines 16--20
[]$\OMS/cmsy/m/n/12 9\OML/cmm/m/it/12 K[] \OT1/cmr/m/n/12 (-20) = [](\OML/cmm/m
/it/12 a\OT1/cmr/m/n/12 (-20) )$\T2A/cmr/m/n/12 (-20) , Ō ĻŅ“Ņ­Ņņ $\OML/cmm/m/i
t/12 f\OT1/cmr/m/n/12 (-20) (\OML/cmm/m/it/12 z\OT1/cmr/m/n/12 (-20) )$ \T2A/cm
r/m/n/12 (-20) - ÓĒÓļĶ“Ķ„Õ±ĻÓ  ┬ „Ó±“ĒŅ±“Ķ, $\OML/cmm/m/it/12 a \OT1/cmr/m/n/12
 (-20) = \OMS/cmsy/m/n/12 1$\T2A/cmr/m/n/12 (-20) , “Ņ 2. ÓĒÓļĶ“Ķ„ĒŅ±“³
 []


Overfull \hbox (7.55093pt too wide) in paragraph at lines 22--26
[]\T2A/cmr/bx/n/12 (-20) ╬’­ÕõÕļÕĒĶÕ: \T2A/cmr/m/n/12 (-20) ęŅ„ĻÓ $\OML/cmm/m/i
t/12 z \OT1/cmr/m/n/12 (-20) = \OML/cmm/m/it/12 a$ \T2A/cmr/m/n/12 (-20) - \T2A
/cmr/m/it/12 (-20) ¾±“­ÓĒĶņÓ  \T2A/cmr/m/n/12 (-20) Ņ±ŅßÓ  “Ņ„ĻÓ ¶¾ĒĻ÷ĶĶ $\OML/
cmm/m/it/12 f\OT1/cmr/m/n/12 (-20) (\OML/cmm/m/it/12 z\OT1/cmr/m/n/12 (-20) )$\
T2A/cmr/m/n/12 (-20) , Õ±ļĶ $\OMS/cmsy/m/n/12 9 [][] \OML/cmm/m/it/12 f\OT1/cmr
/m/n/12 (-20) (\OML/cmm/m/it/12 z\OT1/cmr/m/n/12 (-20) ) =
 []

) [25] (./tex/20.tex
Overfull \hbox (69.14488pt too wide) in paragraph at lines 4--4
[]\T2A/cmr/bx/n/17.28 (-20) ŽŅĒ “ĶÕ Ō¹„Õ“Ó ÓĒÓļĶ“Ķ„Õ±ĻŅķ ¶¾ĒĻ÷ĶĶ Ō Õ╝ ĶńŅļĶ­ŅŌÓ
ĒĒŅķ
 []

) [26] (./tex/21.tex
Overfull \hbox (32.03737pt too wide) in paragraph at lines 4--4
\T2A/cmr/bx/n/17.28 (-20) Ō±Õķ ĻŅņ’ļÕĻ±ĒŅķ ’ļŅ±ĻŅ±“Ķ, ńÓ Ķ±Ļļ■„ÕĒĶÕņ ĻŅĒÕ„ĒŅŃŅ
 []

) [27] (./tex/22.tex) [28] (./tex/23.tex
Overfull \hbox (63.76855pt too wide) in paragraph at lines 3--3
\T2A/cmr/bx/n/17.28 (-20) ęÕŅ­ÕņÓ Ņ ±¾∙Õ±“ŌŅŌÓĒĶĶ ĶńŅß­ÓµÕĒĶ  Ķ ÕŃŅ ÓĒÓļĶ“Ķ„ĒŅ±
“Ķ. 
 []


Overfull \hbox (8.4809pt too wide) in paragraph at lines 5--7
\T2A/cmr/bx/n/12 (-20) ╬’­ÕõÕļÕĒĶÕ: \T2A/cmr/m/it/12 (-20) ╬­ĶŃĶĒÓļŅņ \T2A/cmr/
m/n/12 (-20) ĒÓń¹ŌÓ■“ ĻŅņ’ļÕĻ±ĒŅńĒÓ„Ē¾■ ¶¾ĒĻ÷Ķ■ $\OML/cmm/m/it/12 f\OT1/cmr/m/n
/12 (-20) (\OML/cmm/m/it/12 t\OT1/cmr/m/n/12 (-20) )$ \T2A/cmr/m/n/12 (-20) õÕķ
±“ŌĶ“Õļ³ĒŅŃŅ
 []

) [29] (./tex/24.tex) [30] (./tex/25.tex
Overfull \hbox (15.82309pt too wide) in paragraph at lines 3--3
[]\T2A/cmr/bx/n/17.28 (-20) ─Ķ¶¶Õ­ÕĒ÷Ķ­ŅŌÓĒĶÕ Ņ­ĶŃĶĒÓļÓ, õĶ¶¶Õ­ÕĒ÷Ķ­ŅŌÓĒĶÕ
 []

) [31] (./tex/26.tex
Overfull \hbox (49.21722pt too wide) in paragraph at lines 2--2
[]\T2A/cmr/bx/n/17.28 (-20) ╚Ē“ÕŃ­Ķ­ŅŌÓĒĶÕ Ņ­ĶŃĶĒÓļÓ, ĶĒ“ÕŃ­Ķ­ŅŌÓĒĶÕ ĶńŅß­ÓµÕĒĶ
 . 
 []

) [32] (./main.aux)
 ***********
LaTeX2e <2026-06-01>
L3 programming layer <2026-05-26>
 ***********
Package rerunfilecheck Info: File `main.out' has not changed.
(rerunfilecheck)             Checksum: 223B9400F4E419E747208EEC1668DF5B;27829.
 ) 
Here is how much of TeX's memory you used:
 15825 strings out of 468581
 260407 string characters out of 5451101
 720975 words of memory out of 5000000
 44187 multiletter control sequences out of 15000+600000
 651785 words of font info for 207 fonts, out of 8000000 for 9000
 452 hyphenation exceptions out of 8191
 74i,11n,79p,2901b,609s stack positions out of 10000i,1000n,20000p,200000b,200000s
<c:/texlive/2026/texmf-dist/fonts/type1/public/amsfonts/cm/cmex10.pfb><c:/tex
live/2026/texmf-dist/fonts/type1/public/amsfonts/cm/cmmi12.pfb><c:/texlive/2026
/texmf-dist/fonts/type1/public/amsfonts/cm/cmmi6.pfb><c:/texlive/2026/texmf-dis
t/fonts/type1/public/amsfonts/cm/cmmi8.pfb><c:/texlive/2026/texmf-dist/fonts/ty
pe1/public/amsfonts/cm/cmr12.pfb><c:/texlive/2026/texmf-dist/fonts/type1/public
/amsfonts/cm/cmr17.pfb><c:/texlive/2026/texmf-dist/fonts/type1/public/amsfonts/
cm/cmr6.pfb><c:/texlive/2026/texmf-dist/fonts/type1/public/amsfonts/cm/cmr8.pfb
><c:/texlive/2026/texmf-dist/fonts/type1/public/amsfonts/cm/cmsy10.pfb><c:/texl
ive/2026/texmf-dist/fonts/type1/public/amsfonts/cm/cmsy6.pfb><c:/texlive/2026/t
exmf-dist/fonts/type1/public/amsfonts/cm/cmsy8.pfb><c:/texlive/2026/texmf-dist/
fonts/type1/public/amsfonts/symbols/msam10.pfb><c:/texlive/2026/texmf-dist/font
s/type1/public/amsfonts/symbols/msbm10.pfb><c:/texlive/2026/texmf-dist/fonts/ty
pe1/public/cm-super/sfbx1200.pfb><c:/texlive/2026/texmf-dist/fonts/type1/public
/cm-super/sfbx1728.pfb><c:/texlive/2026/texmf-dist/fonts/type1/public/cm-super/
sfrm0800.pfb><c:/texlive/2026/texmf-dist/fonts/type1/public/cm-super/sfrm1200.p
fb><c:/texlive/2026/texmf-dist/fonts/type1/public/cm-super/sfrm1440.pfb><c:/tex
live/2026/texmf-dist/fonts/type1/public/cm-super/sfrm2074.pfb><c:/texlive/2026/
texmf-dist/fonts/type1/public/cm-super/sfti1200.pfb>
Output written on main.pdf (32 pages, 400536 bytes).
PDF statistics:
 528 PDF objects out of 1000 (max. 8388607)
 442 compressed objects within 5 object streams
 129 named destinations out of 1000 (max. 500000)
 30960 words of extra memory for PDF output out of 35830 (max. 10000000)

